# JRE version: Java(TM) SE Runtime Environment (8.0_101-b13) (build 1.8.0_101-b13)
# Java VM: Java HotSpot(TM) 64-Bit Server VM (25.101-b13 mixed mode linux-amd64 compressed oops)
Heap:
 PSYoungGen      total 46592K, used 32133K [0x000000078c800000, 0x0000000792300000, 0x00000007c0000000)
  eden space 39936K, 80% used [0x000000078c800000,0x000000078e7617c8,0x000000078ef00000)
  from space 6656K, 0% used [0x000000078f580000,0x000000078f580000,0x000000078fc00000)
  to   space 6656K, 0% used [0x000000078ef00000,0x000000078ef00000,0x000000078f580000)
 ParOldGen       total 74240K, used 9489K [0x0000000725800000, 0x000000072a080000, 0x000000078c800000)
  object space 74240K, 12% used [0x0000000725800000,0x0000000726144780,0x000000072a080000)
 Metaspace       used 25431K, capacity 26168K, committed 26368K, reserved 1073152K
  class space    used 3332K, capacity 3517K, committed 3584K, reserved 1048576K
GC Heap History (6 events):
Event: 4,067 GC heap before
{Heap before GC invocations=1 (full 0):
 PSYoungGen      total 46592K, used 39936K [0x000000078c800000, 0x000000078fc00000, 0x00000007c0000000)
  eden space 39936K, 100% used [0x000000078c800000,0x000000078ef00000,0x000000078ef00000)
  from space 6656K, 0% used [0x000000078f580000,0x000000078f580000,0x000000078fc00000)
  to   space 6656K, 0% used [0x000000078ef00000,0x000000078ef00000,0x000000078f580000)
 ParOldGen       total 106496K, used 0K [0x0000000725800000, 0x000000072c000000, 0x000000078c800000)
  object space 106496K, 0% used [0x0000000725800000,0x0000000725800000,0x000000072c000000)
 Metaspace       used 18441K, capacity 18858K, committed 18944K, reserved 1064960K
  class space    used 2342K, capacity 2494K, committed 2560K, reserved 1048576K
Event: 4,083 GC heap after
Heap after GC invocations=1 (full 0):
 PSYoungGen      total 46592K, used 6624K [0x000000078c800000, 0x000000078fc00000, 0x00000007c0000000)
  eden space 39936K, 0% used [0x000000078c800000,0x000000078c800000,0x000000078ef00000)
  from space 6656K, 99% used [0x000000078ef00000,0x000000078f578330,0x000000078f580000)
  to   space 6656K, 0% used [0x000000078f580000,0x000000078f580000,0x000000078fc00000)
 ParOldGen       total 106496K, used 1702K [0x0000000725800000, 0x000000072c000000, 0x000000078c800000)
  object space 106496K, 1% used [0x0000000725800000,0x00000007259a9b40,0x000000072c000000)
 Metaspace       used 18441K, capacity 18858K, committed 18944K, reserved 1064960K
  class space    used 2342K, capacity 2494K, committed 2560K, reserved 1048576K
}
Event: 4,814 GC heap before
{Heap before GC invocations=2 (full 0):
 PSYoungGen      total 46592K, used 15845K [0x000000078c800000, 0x000000078fc00000, 0x00000007c0000000)
  eden space 39936K, 23% used [0x000000078c800000,0x000000078d101258,0x000000078ef00000)
  from space 6656K, 99% used [0x000000078ef00000,0x000000078f578330,0x000000078f580000)
  to   space 6656K, 0% used [0x000000078f580000,0x000000078f580000,0x000000078fc00000)
 ParOldGen       total 106496K, used 1702K [0x0000000725800000, 0x000000072c000000, 0x000000078c800000)
  object space 106496K, 1% used [0x0000000725800000,0x00000007259a9b40,0x000000072c000000)
 Metaspace       used 20727K, capacity 21192K, committed 21296K, reserved 1067008K
  class space    used 2685K, capacity 2855K, committed 2944K, reserved 1048576K
Event: 4,829 GC heap after
Heap after GC invocations=2 (full 0):
 PSYoungGen      total 46592K, used 6638K [0x000000078c800000, 0x0000000792300000, 0x00000007c0000000)
  eden space 39936K, 0% used [0x000000078c800000,0x000000078c800000,0x000000078ef00000)
  from space 6656K, 99% used [0x000000078f580000,0x000000078fbfb830,0x000000078fc00000)
  to   space 6656K, 0% used [0x000000078ef00000,0x000000078ef00000,0x000000078f580000)
 ParOldGen       total 106496K, used 2975K [0x0000000725800000, 0x000000072c000000, 0x000000078c800000)
  object space 106496K, 2% used [0x0000000725800000,0x0000000725ae7c88,0x000000072c000000)
 Metaspace       used 20727K, capacity 21192K, committed 21296K, reserved 1067008K
  class space    used 2685K, capacity 2855K, committed 2944K, reserved 1048576K
}
Event: 4,829 GC heap before
{Heap before GC invocations=3 (full 1):
 PSYoungGen      total 46592K, used 6638K [0x000000078c800000, 0x0000000792300000, 0x00000007c0000000)
  eden space 39936K, 0% used [0x000000078c800000,0x000000078c800000,0x000000078ef00000)
  from space 6656K, 99% used [0x000000078f580000,0x000000078fbfb830,0x000000078fc00000)
  to   space 6656K, 0% used [0x000000078ef00000,0x000000078ef00000,0x000000078f580000)
 ParOldGen       total 106496K, used 2975K [0x0000000725800000, 0x000000072c000000, 0x000000078c800000)
  object space 106496K, 2% used [0x0000000725800000,0x0000000725ae7c88,0x000000072c000000)
 Metaspace       used 20727K, capacity 21192K, committed 21296K, reserved 1067008K
  class space    used 2685K, capacity 2855K, committed 2944K, reserved 1048576K
Event: 4,902 GC heap after
Heap after GC invocations=3 (full 1):
 PSYoungGen      total 46592K, used 0K [0x000000078c800000, 0x0000000792300000, 0x00000007c0000000)
  eden space 39936K, 0% used [0x000000078c800000,0x000000078c800000,0x000000078ef00000)
  from space 6656K, 0% used [0x000000078f580000,0x000000078f580000,0x000000078fc00000)
  to   space 6656K, 0% used [0x000000078ef00000,0x000000078ef00000,0x000000078f580000)
 ParOldGen       total 74240K, used 9489K [0x0000000725800000, 0x000000072a080000, 0x000000078c800000)
  object space 74240K, 12% used [0x0000000725800000,0x0000000726144780,0x000000072a080000)
 Metaspace       used 20727K, capacity 21192K, committed 21296K, reserved 1067008K
  class space    used 2685K, capacity 2855K, committed 2944K, reserved 1048576K
}

