# JRE version: Java(TM) SE Runtime Environment (8.0_101-b13) (build 1.8.0_101-b13)
# Java VM: Java HotSpot(TM) 64-Bit Server VM (25.101-b13 mixed mode linux-amd64 compressed oops)
Heap:
 PSYoungGen      total 46592K, used 23629K [0x000000078c800000, 0x000000078fc00000, 0x00000007c0000000)
  eden space 39936K, 59% used [0x000000078c800000,0x000000078df13658,0x000000078ef00000)
  from space 6656K, 0% used [0x000000078f580000,0x000000078f580000,0x000000078fc00000)
  to   space 6656K, 0% used [0x000000078ef00000,0x000000078ef00000,0x000000078f580000)
 ParOldGen       total 75776K, used 9587K [0x0000000725800000, 0x000000072a200000, 0x000000078c800000)
  object space 75776K, 12% used [0x0000000725800000,0x000000072615cd50,0x000000072a200000)
 Metaspace       used 24828K, capacity 25506K, committed 25728K, reserved 1071104K
  class space    used 3279K, capacity 3450K, committed 3456K, reserved 1048576K
GC Heap History (6 events):
Event: 3,161 GC heap before
{Heap before GC invocations=1 (full 0):
 PSYoungGen      total 46592K, used 39936K [0x000000078c800000, 0x000000078fc00000, 0x00000007c0000000)
  eden space 39936K, 100% used [0x000000078c800000,0x000000078ef00000,0x000000078ef00000)
  from space 6656K, 0% used [0x000000078f580000,0x000000078f580000,0x000000078fc00000)
  to   space 6656K, 0% used [0x000000078ef00000,0x000000078ef00000,0x000000078f580000)
 ParOldGen       total 106496K, used 0K [0x0000000725800000, 0x000000072c000000, 0x000000078c800000)
  object space 106496K, 0% used [0x0000000725800000,0x0000000725800000,0x000000072c000000)
 Metaspace       used 18343K, capacity 18754K, committed 18944K, reserved 1064960K
  class space    used 2330K, capacity 2460K, committed 2560K, reserved 1048576K
Event: 3,173 GC heap after
Heap after GC invocations=1 (full 0):
 PSYoungGen      total 46592K, used 6629K [0x000000078c800000, 0x000000078fc00000, 0x00000007c0000000)
  eden space 39936K, 0% used [0x000000078c800000,0x000000078c800000,0x000000078ef00000)
  from space 6656K, 99% used [0x000000078ef00000,0x000000078f5794e0,0x000000078f580000)
  to   space 6656K, 0% used [0x000000078f580000,0x000000078f580000,0x000000078fc00000)
 ParOldGen       total 106496K, used 1847K [0x0000000725800000, 0x000000072c000000, 0x000000078c800000)
  object space 106496K, 1% used [0x0000000725800000,0x00000007259cdca8,0x000000072c000000)
 Metaspace       used 18343K, capacity 18754K, committed 18944K, reserved 1064960K
  class space    used 2330K, capacity 2460K, committed 2560K, reserved 1048576K
}
Event: 3,797 GC heap before
{Heap before GC invocations=2 (full 0):
 PSYoungGen      total 46592K, used 19365K [0x000000078c800000, 0x000000078fc00000, 0x00000007c0000000)
  eden space 39936K, 31% used [0x000000078c800000,0x000000078d470308,0x000000078ef00000)
  from space 6656K, 99% used [0x000000078ef00000,0x000000078f5794e0,0x000000078f580000)
  to   space 6656K, 0% used [0x000000078f580000,0x000000078f580000,0x000000078fc00000)
 ParOldGen       total 106496K, used 1847K [0x0000000725800000, 0x000000072c000000, 0x000000078c800000)
  object space 106496K, 1% used [0x0000000725800000,0x00000007259cdca8,0x000000072c000000)
 Metaspace       used 20739K, capacity 21194K, committed 21296K, reserved 1067008K
  class space    used 2696K, capacity 2856K, committed 2944K, reserved 1048576K
Event: 3,803 GC heap after
Heap after GC invocations=2 (full 0):
 PSYoungGen      total 46592K, used 6647K [0x000000078c800000, 0x000000078fc00000, 0x00000007c0000000)
  eden space 39936K, 0% used [0x000000078c800000,0x000000078c800000,0x000000078ef00000)
  from space 6656K, 99% used [0x000000078f580000,0x000000078fbfdee0,0x000000078fc00000)
  to   space 6656K, 0% used [0x000000078ef00000,0x000000078ef00000,0x000000078f580000)
 ParOldGen       total 106496K, used 3139K [0x0000000725800000, 0x000000072c000000, 0x000000078c800000)
  object space 106496K, 2% used [0x0000000725800000,0x0000000725b10c38,0x000000072c000000)
 Metaspace       used 20739K, capacity 21194K, committed 21296K, reserved 1067008K
  class space    used 2696K, capacity 2856K, committed 2944K, reserved 1048576K
}
Event: 3,803 GC heap before
{Heap before GC invocations=3 (full 1):
 PSYoungGen      total 46592K, used 6647K [0x000000078c800000, 0x000000078fc00000, 0x00000007c0000000)
  eden space 39936K, 0% used [0x000000078c800000,0x000000078c800000,0x000000078ef00000)
  from space 6656K, 99% used [0x000000078f580000,0x000000078fbfdee0,0x000000078fc00000)
  to   space 6656K, 0% used [0x000000078ef00000,0x000000078ef00000,0x000000078f580000)
 ParOldGen       total 106496K, used 3139K [0x0000000725800000, 0x000000072c000000, 0x000000078c800000)
  object space 106496K, 2% used [0x0000000725800000,0x0000000725b10c38,0x000000072c000000)
 Metaspace       used 20739K, capacity 21194K, committed 21296K, reserved 1067008K
  class space    used 2696K, capacity 2856K, committed 2944K, reserved 1048576K
Event: 3,840 GC heap after
Heap after GC invocations=3 (full 1):
 PSYoungGen      total 46592K, used 0K [0x000000078c800000, 0x000000078fc00000, 0x00000007c0000000)
  eden space 39936K, 0% used [0x000000078c800000,0x000000078c800000,0x000000078ef00000)
  from space 6656K, 0% used [0x000000078f580000,0x000000078f580000,0x000000078fc00000)
  to   space 6656K, 0% used [0x000000078ef00000,0x000000078ef00000,0x000000078f580000)
 ParOldGen       total 75776K, used 9587K [0x0000000725800000, 0x000000072a200000, 0x000000078c800000)
  object space 75776K, 12% used [0x0000000725800000,0x000000072615cd50,0x000000072a200000)
 Metaspace       used 20739K, capacity 21194K, committed 21296K, reserved 1067008K
  class space    used 2696K, capacity 2856K, committed 2944K, reserved 1048576K
}

